
 nutmac="00:11:22:33:44:55"
    SUITE_TESTER_CMD: srcmac=""
    SUITE_TESTER_CMD: destip="10.239.129.88"
    SUITE_TESTER_CMD: srcip="10.239.129.65"
    SUITE_TESTER_CMD: destport=53
    SUITE_TESTER_CMD: srcport=53







sendp([Ether(dst="00:11:22:33:44:55", src="")/IP(dst="10.239.129.88", src="10.239.129.65", len=46)/UDP(sport=53, dport=53)/Raw(load="P"*26)], iface="", count=10)





nutmac="00:11:22:33:44:55"
    SUITE_TESTER_CMD: srcmac="68:05:ca:ad:ce:01"
    SUITE_TESTER_CMD: destip="10.239.129.88"
    SUITE_TESTER_CMD: srcip="10.239.129.65"
    SUITE_TESTER_CMD: destport=53
    SUITE_TESTER_CMD: srcport=53
	
	
	
	nutmac="46:4E:F1:67:BF:2C"
    SUITE_TESTER_CMD: srcmac="68:05:ca:ad:ce:01"
    SUITE_TESTER_CMD: destip="10.239.129.88"
    SUITE_TESTER_CMD: srcip="10.239.129.65"
    SUITE_TESTER_CMD: destport=53
    SUITE_TESTER_CMD: srcport=53

sendp([Ether(dst="32:6A:AE:05:8D:3E", src="68:05:ca:ad:ce:01")/IP(dst="10.239.129.88", src="10.239.129.65", len=46)/UDP(sport=53, dport=53)/Raw(load="P"*26)], iface="ens7f0", count=10)	
	
	
	
	
	
	
	
sendp([Ether(dst="00:11:22:33:44:55", src="68:05:ca:ad:ce:01")/IP(dst="10.239.129.88", src="10.239.129.65", len=46)/UDP(sport=53, dport=53)/Raw(load="P"*26)], iface="ens7f0", count=10)
sendp([Ether(dst="00:55:44:33:22:11", src="68:05:ca:ad:ce:01")/IP(dst="10.239.129.88", src="10.239.129.65", len=46)/UDP(sport=53, dport=53)/Raw(load="P"*26)], iface="ens7f0", count=10)




00:04:16 /usr/bin/qemu-system-x86_64 -name guest=vm0,debug-threads=on -S 
-object secret,id=masterKey0,format=raw,file=/var/lib/libvirt/qemu/domain-1-vm0/master-key.aes
 -machine pc-i440fx-1.6,accel=kvm,usb=off -cpu host -m 9766 
 -realtime mlock=off -smp 4,sockets=4,cores=1,threads=1 
 -uuid 183acf86-9d2a-4cae-a29c-56a40fc5da75 
 -no-user-config -nodefaults 
 -chardev socket,id=charmonitor,path=/var/lib/libvirt/qemu/domain-1-vm0/monitor.sock,server,nowait 
 -mon chardev=charmonitor,id=monitor,mode=control 
 -rtc base=utc -no-shutdown -boot strict=on 
 -device piix3-usb-uhci,id=usb,bus=pci.0,addr=0x1.0x2 
 -device virtio-serial-pci,id=virtio-serial0,bus=pci.0,addr=0x3 
 -drive file=/home/image/sriov-fc25-0.img,format=raw,if=none,id=drive-virtio-disk0 
 -device virtio-blk-pci,scsi=off,bus=pci.0,addr=0x4,drive=drive-virtio-disk0,id=virtio-disk0,bootindex=1 
 -chardev socket,id=charchannel0,path=/tmp/powermonitor/vm0.0,server,nowait 
 -device virtserialport,bus=virtio-serial0.0,nr=10,chardev=charchannel0,id=channel0,name=virtio.serial.port.poweragent.0 
 -chardev socket,id=charchannel1,path=/tmp/powermonitor/vm0.1,server,nowait 
 -device virtserialport,bus=virtio-serial0.0,nr=11,chardev=charchannel1,id=channel1,name=virtio.serial.port.poweragent.1 
 -chardev socket,id=charchannel2,path=/tmp/powermonitor/vm0.2,server,nowait 
 -device virtserialport,bus=virtio-serial0.0,nr=12,chardev=charchannel2,id=channel2,name=virtio.serial.port.poweragent.2
 -chardev socket,id=charchannel3,path=/tmp/powermonitor/vm0.3,server,nowait 
 -device virtserialport,bus=virtio-serial0.0,nr=13,chardev=charchannel3,id=channel3,name=virtio.serial.port.poweragent.3 
 -vnc 127.0.0.1:0 -device cirrus-vga,id=video0,bus=pci.0,addr=0x2 -device virtio-balloon-pci,id=balloon0,bus=pci.0,addr=0x5 
 -chardev socket,path=/tmp/vm0_qga0.sock,server,nowait,id=vm0_qga0 
 -device virtio-serial -device virtserialport,chardev=vm0_qga0,name=org.qemu.guest_agent.0 
 -net nic,model=e1000,addr=0x1f -net user,hostfwd=tcp:10.240.176.247:6123-:22 -msg timestamp=on
 
 
 taskset -c 5,6,7,8 qemu-system-x86_64  -name vm0
 -enable-kvm -pidfile /tmp/.vm0.pid 
 -chardev socket,path=/tmp/vm0_qga0.sock,server,nowait,id=vm0_qga0 
 -device virtio-serial -device virtserialport,chardev=vm0_qga0,name=org.qemu.guest_agent.0 
 -daemonize -net nic,vlan=0,macaddr=00:00:00:8f:1f:fb,model=e1000 
 -net user,vlan=0,hostfwd=tcp:10.240.176.247:6119-:22 
 -device pci-assign,host=0000:09:02.0,id=pt_0 
 -device pci-assign,host=0000:09:0a.0,id=pt_1 
 -cpu host -smp 4 -m 2048 
 -drive file=/home/image/sriov-fc25-1.img,format=raw,if=virtio,index=0,media=disk -vnc :1
 
 taskset -c 5,6,7,8 qemu-system-x86_64  -name vm0 -enable-kvm -pidfile /tmp/.vm0.pid 
 -chardev socket,path=/tmp/vm0_qga0.sock,server,nowait,id=vm0_qga0 
 -device virtio-serial -device virtserialport,chardev=vm0_qga0,name=org.qemu.guest_agent.0
 -daemonize -net nic,vlan=0,macaddr=00:00:00:e8:78:cb,model=e1000 
 -net user,vlan=0,hostfwd=tcp:10.240.176.247:6089-:22 
 -device pci-assign,host=0000:09:02.0,id=pt_0 
 -device pci-assign,host=0000:09:0a.0,id=pt_1 
 -cpu host -smp 4 -m 2048 
 -drive file=/home/image/sriov-fc25-1.img,format=raw,if=virtio,index=0,media=disk -vnc :1
 
 
 taskset -c 4,5,6,7 qemu-system-x86_64  -name vm0 -enable-kvm -pidfile /tmp/.vm0.pid 
 -chardev socket,path=/tmp/vm0_qga0.sock,server,nowait,id=vm0_qga0 
 -device virtio-serial -device virtserialport,chardev=vm0_qga0,name=org.qemu.guest_agent.0 
 -daemonize -monitor unix:/tmp/vm0_monitor.sock,server,nowait
 -net nic,vlan=0,macaddr=00:00:00:d9:47:57 
 -net user,vlan=0,hostfwd=tcp:10.240.176.247:6104-:22 
 -device pci-assign,host=0000:09:02.0,id=pt_0 
 -device pci-assign,host=0000:09:0a.0,id=pt_1 
 -cpu host -smp 4 -m 10240 -drive file=/home/image/sriov-fc25-1.img -vnc :1
 
 
 taskset -c 4,5,6,7 qemu-system-x86_64  -name vm0 -enable-kvm 
 -pidfile /tmp/.vm0.pid 
 -chardev socket,path=/tmp/vm0_qga0.sock,server,nowait,id=vm0_qga0 
 -device virtio-serial -device virtserialport,chardev=vm0_qga0,name=org.qemu.guest_agent.0
 -daemonize -monitor unix:/tmp/vm0_monitor.sock,server,nowait
 -net nic,vlan=0,macaddr=00:00:00:50:a3:35,model=e1000 
 -net user,vlan=0,hostfwd=tcp:10.240.176.247:6070-:22 
 -device pci-assign,host=0000:09:02.0,id=pt_0 
 -device pci-assign,host=0000:09:0a.0,id=pt_1 
 -cpu host -smp 4 -m 10240 -vnc :1
 
 
 
 
 
 
 
 
 
 
 
 
 
       SUITE_DUT_CMD: [10.240.176.247] There is no resource [cores] allocated to VM [vm0]
       SUITE_DUT_CMD: [10.240.176.247] scp -v /tmp/vm0.xml root@10.240.176.247:~/
       SUITE_DUT_CMD: [10.240.176.247] virsh
    SUITE_DUT_OUTPUT: [10.240.176.247] Welcome to virsh, the virtualization interactive terminal.

Type:  'help' for help with commands
       'quit' to quit

       SUITE_DUT_CMD: [10.240.176.247] create /root/vm0.xml
    SUITE_DUT_OUTPUT: [10.240.176.247] Domain vm0 created from /root/vm0.xml

       SUITE_DUT_CMD: [10.240.176.247] quit
    SUITE_DUT_OUTPUT: [10.240.176.247]
       SUITE_DUT_CMD: [10.240.176.247] ~/QMP/qemu-ga-client --address=/tmp/vm0_qga0.sock ping 120
    SUITE_DUT_OUTPUT: [10.240.176.247]
       SUITE_DUT_CMD: [10.240.176.247] ~/QMP/qemu-ga-client --address=/tmp/vm0_qga0.sock ifconfig
    SUITE_DUT_OUTPUT: [10.240.176.247] lo:








export RTE_TARGET=x86_64-native-linuxapp-gcc
export RTE_SDK=`pwd`
rm -rf x86_64-native-linuxapp-gcc \
rm -rf ./app/test/test_resource_c.res.o \
rm -rf ./app/test/test_resource_tar.res.o \
rm -rf ./app/test/test_pci_sysfs.res.o 

make -j 4 install T=x86_64-native-linuxapp-gcc 


make -j 4 -C test/ 
cp -f ./test/test/test ./x86_64-native-linuxapp-gcc/app \
cp -f ./test/test-acl/testacl ./x86_64-native-linuxapp-gcc/app \
cp -f ./test/test-pipeline/testpipeline ./x86_64-native-linuxapp-gcc/app \
cp -f ./test/cmdline_test/cmdline_test ./x86_64-native-linuxapp-gcc/app \
awk '/Hugepagesize/ {print $2}' /proc/meminfo \
umount `awk '/hugetlbfs/ { print $2 }' /proc/mounts` \
awk '/hugetlbfs/ { print $2 }' /proc/mounts \
mount -t hugetlbfs nodev /mnt/huge \
modprobe uio \
insmod ./x86_64-native-linuxapp-gcc/kmod/igb_uio.ko \
usertools/dpdk-devbind.py --force --bind=igb_uio 0000:00:04.0 \



























